<?xml version="1.0" encoding="UTF-8"?>
<testng-results skipped="0" failed="1" total="2" passed="1">
  <reporter-output>
  </reporter-output>
  <suite name="Google Test Suite" duration-ms="253122" started-at="2016-01-14T02:22:06Z" finished-at="2016-01-14T02:26:19Z">
    <groups>
    </groups>
    <test name="Google Tests" duration-ms="253122" started-at="2016-01-14T02:22:06Z" finished-at="2016-01-14T02:26:19Z">
      <class name="google.GoogleTestsDesktop">
        <test-method status="PASS" signature="Setup(java.lang.String, java.lang.String, java.lang.String, java.lang.String)[pri:0, instance:google.GoogleTestsDesktop@1f37ef1]" name="Setup" is-config="true" duration-ms="10751" started-at="2016-01-14T02:22:06Z" finished-at="2016-01-14T02:22:16Z">
          <params>
            <param index="0">
              <value>
                <![CDATA[automationnhantest1@gmail.com]]>
              </value>
            </param>
            <param index="1">
              <value>
                <![CDATA[Aa@159167]]>
              </value>
            </param>
            <param index="2">
              <value>
                <![CDATA[automationnhantest2@gmail.com]]>
              </value>
            </param>
            <param index="3">
              <value>
                <![CDATA[Aa@159167]]>
              </value>
            </param>
          </params>
        </test-method> <!-- Setup -->
        <test-method status="PASS" signature="GoogleLogin_Valid()[pri:2, instance:google.GoogleTestsDesktop@1f37ef1]" name="GoogleLogin_Valid" duration-ms="27738" started-at="2016-01-14T02:22:16Z" description="should accept valid credentials" finished-at="2016-01-14T02:22:44Z">
        </test-method> <!-- GoogleLogin_Valid -->
        <test-method status="FAIL" signature="GoogleComposeEmail()[pri:3, instance:google.GoogleTestsDesktop@1f37ef1]" name="GoogleComposeEmail" duration-ms="209534" started-at="2016-01-14T02:22:44Z" description="should compose email successfully by Gmail1" finished-at="2016-01-14T02:26:14Z">
          <exception class="org.openqa.selenium.NoSuchElementException">
            <message>
              <![CDATA[no such element: Unable to locate element: {"method":"xpath","selector":"//h2[@id=':5q']"}
  (Session info: chrome=47.0.2526.106)
  (Driver info: chromedriver=2.20.353145 (343b531d31eeb933ec778dbcf7081628a1396067),platform=Windows NT 6.1 SP1 x86) (WARNING: The server did not provide any stacktrace information)
Command duration or timeout: 60.09 seconds
For documentation on this error, please visit: http://seleniumhq.org/exceptions/no_such_element.html
Build info: version: '2.48.2', revision: '41bccdd10cf2c0560f637404c2d96164b67d9d67', time: '2015-10-09 13:08:06'
System info: host: 'PC2014031822UPI', ip: '192.168.1.100', os.name: 'Windows 7', os.arch: 'x86', os.version: '6.1', java.version: '1.8.0_66'
Driver info: org.openqa.selenium.chrome.ChromeDriver
Capabilities [{applicationCacheEnabled=false, rotatable=false, mobileEmulationEnabled=false, chrome={userDataDir=C:\Users\Admin\AppData\Local\Temp\scoped_dir6716_27274}, takesHeapSnapshot=true, databaseEnabled=false, handlesAlerts=true, hasTouchScreen=false, version=47.0.2526.106, platform=XP, browserConnectionEnabled=false, nativeEvents=true, acceptSslCerts=true, locationContextEnabled=true, webStorageEnabled=true, browserName=chrome, takesScreenshot=true, javascriptEnabled=true, cssSelectorsEnabled=true}]
Session ID: 03416f425700a0a4bcf1c071ff5b5950
*** Element info: {Using=xpath, value=//h2[@id=':5q']}]]>
            </message>
            <full-stacktrace>
              <![CDATA[org.openqa.selenium.NoSuchElementException: no such element: Unable to locate element: {"method":"xpath","selector":"//h2[@id=':5q']"}
  (Session info: chrome=47.0.2526.106)
  (Driver info: chromedriver=2.20.353145 (343b531d31eeb933ec778dbcf7081628a1396067),platform=Windows NT 6.1 SP1 x86) (WARNING: The server did not provide any stacktrace information)
Command duration or timeout: 60.09 seconds
For documentation on this error, please visit: http://seleniumhq.org/exceptions/no_such_element.html
Build info: version: '2.48.2', revision: '41bccdd10cf2c0560f637404c2d96164b67d9d67', time: '2015-10-09 13:08:06'
System info: host: 'PC2014031822UPI', ip: '192.168.1.100', os.name: 'Windows 7', os.arch: 'x86', os.version: '6.1', java.version: '1.8.0_66'
Driver info: org.openqa.selenium.chrome.ChromeDriver
Capabilities [{applicationCacheEnabled=false, rotatable=false, mobileEmulationEnabled=false, chrome={userDataDir=C:\Users\Admin\AppData\Local\Temp\scoped_dir6716_27274}, takesHeapSnapshot=true, databaseEnabled=false, handlesAlerts=true, hasTouchScreen=false, version=47.0.2526.106, platform=XP, browserConnectionEnabled=false, nativeEvents=true, acceptSslCerts=true, locationContextEnabled=true, webStorageEnabled=true, browserName=chrome, takesScreenshot=true, javascriptEnabled=true, cssSelectorsEnabled=true}]
Session ID: 03416f425700a0a4bcf1c071ff5b5950
*** Element info: {Using=xpath, value=//h2[@id=':5q']}
	at sun.reflect.NativeConstructorAccessorImpl.newInstance0(Native Method)
	at sun.reflect.NativeConstructorAccessorImpl.newInstance(Unknown Source)
	at sun.reflect.DelegatingConstructorAccessorImpl.newInstance(Unknown Source)
	at java.lang.reflect.Constructor.newInstance(Unknown Source)
	at org.openqa.selenium.remote.ErrorHandler.createThrowable(ErrorHandler.java:206)
	at org.openqa.selenium.remote.ErrorHandler.throwIfResponseFailed(ErrorHandler.java:158)
	at org.openqa.selenium.remote.RemoteWebDriver.execute(RemoteWebDriver.java:647)
	at org.openqa.selenium.remote.RemoteWebDriver.findElement(RemoteWebDriver.java:353)
	at org.openqa.selenium.remote.RemoteWebDriver.findElementByXPath(RemoteWebDriver.java:490)
	at google.GoogleTestsDesktop.GoogleComposeEmail(GoogleTestsDesktop.java:145)
	at sun.reflect.NativeMethodAccessorImpl.invoke0(Native Method)
	at sun.reflect.NativeMethodAccessorImpl.invoke(Unknown Source)
	at sun.reflect.DelegatingMethodAccessorImpl.invoke(Unknown Source)
	at java.lang.reflect.Method.invoke(Unknown Source)
	at org.testng.internal.MethodInvocationHelper.invokeMethod(MethodInvocationHelper.java:80)
	at org.testng.internal.Invoker.invokeMethod(Invoker.java:702)
	at org.testng.internal.Invoker.invokeTestMethod(Invoker.java:894)
	at org.testng.internal.Invoker.invokeTestMethods(Invoker.java:1219)
	at org.testng.internal.TestMethodWorker.invokeTestMethods(TestMethodWorker.java:127)
	at org.testng.internal.TestMethodWorker.run(TestMethodWorker.java:111)
	at org.testng.TestRunner.privateRun(TestRunner.java:768)
	at org.testng.TestRunner.run(TestRunner.java:617)
	at org.testng.SuiteRunner.runTest(SuiteRunner.java:334)
	at org.testng.SuiteRunner.runSequentially(SuiteRunner.java:329)
	at org.testng.SuiteRunner.privateRun(SuiteRunner.java:291)
	at org.testng.SuiteRunner.run(SuiteRunner.java:240)
	at org.testng.SuiteRunnerWorker.runSuite(SuiteRunnerWorker.java:53)
	at org.testng.SuiteRunnerWorker.run(SuiteRunnerWorker.java:87)
	at org.testng.TestNG.runSuitesSequentially(TestNG.java:1188)
	at org.testng.TestNG.runSuitesLocally(TestNG.java:1113)
	at org.testng.TestNG.run(TestNG.java:1025)
	at org.testng.remote.RemoteTestNG.run(RemoteTestNG.java:115)
	at org.testng.remote.RemoteTestNG.initAndRun(RemoteTestNG.java:207)
	at org.testng.remote.RemoteTestNG.main(RemoteTestNG.java:178)
]]>
            </full-stacktrace>
          </exception> <!-- org.openqa.selenium.NoSuchElementException -->
        </test-method> <!-- GoogleComposeEmail -->
        <test-method status="PASS" signature="Teardown()[pri:0, instance:google.GoogleTestsDesktop@1f37ef1]" name="Teardown" is-config="true" duration-ms="5017" started-at="2016-01-14T02:26:14Z" finished-at="2016-01-14T02:26:19Z">
        </test-method> <!-- Teardown -->
      </class> <!-- google.GoogleTestsDesktop -->
    </test> <!-- Google Tests -->
  </suite> <!-- Google Test Suite -->
</testng-results>
